<?xml version="1.0" encoding="utf-8"?>
<testsuites time="10.322" tests="51" failures="7">
  <testsuite id="0" name="Source.TestSubmission.dll" tests="51" failures="7" time="10.322">
    <testcase classname="Codenation.Challenge.AccelerationServiceTest" name="Codenation.Challenge.AccelerationServiceTest.Should_Be_Right_Acceleration_When_Find_By_Id(id: 1)" time="2.2520000" />
    <testcase classname="Codenation.Challenge.AccelerationServiceTest" name="Codenation.Challenge.AccelerationServiceTest.Should_Be_Right_Acceleration_When_Find_By_Id(id: 2)" time="0.0110000" />
    <testcase classname="Codenation.Challenge.AccelerationServiceTest" name="Codenation.Challenge.AccelerationServiceTest.Should_Be_Right_Acceleration_When_Find_By_Id(id: 3)" time="0.0020000" />
    <testcase classname="Codenation.Challenge.AccelerationServiceTest" name="Codenation.Challenge.AccelerationServiceTest.Should_Update_The_Acceleration_When_Save" time="0.0090000" />
    <testcase classname="Codenation.Challenge.AccelerationServiceTest" name="Codenation.Challenge.AccelerationServiceTest.Should_Be_Right_Accelerations_When_Find_By_Company_Id(companyId: 1)" time="0.1620000">
      <error message="Assert.Equal() Failure&#xD;&#xA;Expected: List&lt;Acceleration&gt; [Acceleration { Candidates = null, Challenge = null, ChallengeId = 2, CreatedAt = 2019-05-13T00:58:05.0000000, Id = 1, ... }, Acceleration { Candidates = null, Challenge = null, ChallengeId = 3, CreatedAt = 2019-06-18T10:47:40.0000000, Id = 2, ... }, Acceleration { Candidates = null, Challenge = null, ChallengeId = 5, CreatedAt = 2018-11-10T09:45:27.0000000, Id = 3, ... }, Acceleration { Candidates = null, Challenge = null, ChallengeId = 10, CreatedAt = 2019-05-18T10:14:05.0000000, Id = 4, ... }]&#xD;&#xA;Actual:   List&lt;Acceleration&gt; [Acceleration { Candidates = null, Challenge = null, ChallengeId = 2, CreatedAt = 2019-05-13T00:58:05.0000000, Id = 1, ... }]">   at Codenation.Challenge.AccelerationServiceTest.Should_Be_Right_Accelerations_When_Find_By_Company_Id(Int32 companyId) in C:\Users\bzzca\Codenation\csharp-8\Source.TestSubmission\AccelerationServiceTest.cs:line 58</error>
    </testcase>
    <testcase classname="Codenation.Challenge.AccelerationServiceTest" name="Codenation.Challenge.AccelerationServiceTest.Should_Be_Right_Accelerations_When_Find_By_Company_Id(companyId: 2)" time="0.0170000">
      <error message="Assert.Equal() Failure&#xD;&#xA;Expected: List&lt;Acceleration&gt; [Acceleration { Candidates = null, Challenge = null, ChallengeId = 3, CreatedAt = 2019-06-18T10:47:40.0000000, Id = 2, ... }, Acceleration { Candidates = null, Challenge = null, ChallengeId = 5, CreatedAt = 2018-11-10T09:45:27.0000000, Id = 3, ... }, Acceleration { Candidates = null, Challenge = null, ChallengeId = 10, CreatedAt = 2019-05-18T10:14:05.0000000, Id = 4, ... }]&#xD;&#xA;Actual:   List&lt;Acceleration&gt; [Acceleration { Candidates = null, Challenge = null, ChallengeId = 3, CreatedAt = 2019-06-18T10:47:40.0000000, Id = 2, ... }]">   at Codenation.Challenge.AccelerationServiceTest.Should_Be_Right_Accelerations_When_Find_By_Company_Id(Int32 companyId) in C:\Users\bzzca\Codenation\csharp-8\Source.TestSubmission\AccelerationServiceTest.cs:line 58</error>
    </testcase>
    <testcase classname="Codenation.Challenge.AccelerationServiceTest" name="Codenation.Challenge.AccelerationServiceTest.Should_Add_New_Acceleration_When_Save" time="0.0070000" />
    <testcase classname="Codenation.Challenge.CandidateServiceTest" name="Codenation.Challenge.CandidateServiceTest.Should_Be_Right_Candidates_When_Find_By_Company_Id(companyId: 2)" time="0.0240000" />
    <testcase classname="Codenation.Challenge.CandidateServiceTest" name="Codenation.Challenge.CandidateServiceTest.Should_Be_Right_Candidates_When_Find_By_Company_Id(companyId: 3)" time="0.0070000" />
    <testcase classname="Codenation.Challenge.CandidateServiceTest" name="Codenation.Challenge.CandidateServiceTest.Should_Be_Right_Candidates_When_Find_By_Company_Id(companyId: 1)" time="0.0040000" />
    <testcase classname="Codenation.Challenge.CandidateServiceTest" name="Codenation.Challenge.CandidateServiceTest.Should_Be_Right_Candidates_When_Find_By_Accelaration_Id(accelerationId: 2)" time="0.0470000" />
    <testcase classname="Codenation.Challenge.CandidateServiceTest" name="Codenation.Challenge.CandidateServiceTest.Should_Be_Right_Candidates_When_Find_By_Accelaration_Id(accelerationId: 3)" time="0.0040000" />
    <testcase classname="Codenation.Challenge.CandidateServiceTest" name="Codenation.Challenge.CandidateServiceTest.Should_Be_Right_Candidates_When_Find_By_Accelaration_Id(accelerationId: 1)" time="0.0050000" />
    <testcase classname="Codenation.Challenge.CandidateServiceTest" name="Codenation.Challenge.CandidateServiceTest.Should_Be_Right_Candidate_When_Find_By_Id(userId: 2, accelerationId: 2, companyId: 2)" time="0.0170000" />
    <testcase classname="Codenation.Challenge.CandidateServiceTest" name="Codenation.Challenge.CandidateServiceTest.Should_Be_Right_Candidate_When_Find_By_Id(userId: 3, accelerationId: 3, companyId: 3)" time="0.0020000" />
    <testcase classname="Codenation.Challenge.CandidateServiceTest" name="Codenation.Challenge.CandidateServiceTest.Should_Be_Right_Candidate_When_Find_By_Id(userId: 1, accelerationId: 1, companyId: 1)" time="0.0040000" />
    <testcase classname="Codenation.Challenge.CandidateServiceTest" name="Codenation.Challenge.CandidateServiceTest.Should_Update_The_Candidate_When_Save" time="0.0050000">
      <error message="Assert.Equal() Failure&#xD;&#xA;Expected: 999&#xD;&#xA;Actual:   2">   at Codenation.Challenge.CandidateServiceTest.Should_Update_The_Candidate_When_Save() in C:\Users\bzzca\Codenation\csharp-8\Source.TestSubmission\CandidateServiceTest.cs:line 123</error>
    </testcase>
    <testcase classname="Codenation.Challenge.CandidateServiceTest" name="Codenation.Challenge.CandidateServiceTest.Should_Add_New_Candidate_When_Save" time="0.0010000" />
    <testcase classname="Codenation.Challenge.ChallengeServiceTest" name="Codenation.Challenge.ChallengeServiceTest.Should_Add_New_Challenge_When_Save" time="0.0160000" />
    <testcase classname="Codenation.Challenge.ChallengeServiceTest" name="Codenation.Challenge.ChallengeServiceTest.Should_Be_Right_Challenges_When_Find_By_Accelartion_And_User(accelerationId: 1, userId: 1)" time="0.0640000" />
    <testcase classname="Codenation.Challenge.ChallengeServiceTest" name="Codenation.Challenge.ChallengeServiceTest.Should_Be_Right_Challenges_When_Find_By_Accelartion_And_User(accelerationId: 3, userId: 3)" time="0.0050000" />
    <testcase classname="Codenation.Challenge.ChallengeServiceTest" name="Codenation.Challenge.ChallengeServiceTest.Should_Be_Right_Challenges_When_Find_By_Accelartion_And_User(accelerationId: 2, userId: 2)" time="0.0050000" />
    <testcase classname="Codenation.Challenge.ChallengeServiceTest" name="Codenation.Challenge.ChallengeServiceTest.Should_Update_The_Challenge_When_Save" time="0.0020000" />
    <testcase classname="Codenation.Challenge.CompanyServiceTest" name="Codenation.Challenge.CompanyServiceTest.Should_Be_Right_Companies_When_Find_By_Accelaration_Id(accelerationId: 2)" time="2.4360000" />
    <testcase classname="Codenation.Challenge.CompanyServiceTest" name="Codenation.Challenge.CompanyServiceTest.Should_Be_Right_Companies_When_Find_By_Accelaration_Id(accelerationId: 1)" time="0.0080000" />
    <testcase classname="Codenation.Challenge.CompanyServiceTest" name="Codenation.Challenge.CompanyServiceTest.Should_Add_New_Company_When_Save" time="0.0380000" />
    <testcase classname="Codenation.Challenge.CompanyServiceTest" name="Codenation.Challenge.CompanyServiceTest.Should_Be_Right_Companies_When_Find_By_User_Id(userId: 1)" time="0.0280000" />
    <testcase classname="Codenation.Challenge.CompanyServiceTest" name="Codenation.Challenge.CompanyServiceTest.Should_Be_Right_Companies_When_Find_By_User_Id(userId: 3)" time="0.0040000" />
    <testcase classname="Codenation.Challenge.CompanyServiceTest" name="Codenation.Challenge.CompanyServiceTest.Should_Be_Right_Companies_When_Find_By_User_Id(userId: 2)" time="0.0080000" />
    <testcase classname="Codenation.Challenge.CompanyServiceTest" name="Codenation.Challenge.CompanyServiceTest.Should_Be_Right_Company_When_Find_By_Id(id: 3)" time="0.0090000" />
    <testcase classname="Codenation.Challenge.CompanyServiceTest" name="Codenation.Challenge.CompanyServiceTest.Should_Be_Right_Company_When_Find_By_Id(id: 2)" time="0.0010000" />
    <testcase classname="Codenation.Challenge.CompanyServiceTest" name="Codenation.Challenge.CompanyServiceTest.Should_Be_Right_Company_When_Find_By_Id(id: 1)" time="0.0020000" />
    <testcase classname="Codenation.Challenge.CompanyServiceTest" name="Codenation.Challenge.CompanyServiceTest.Should_Update_The_Company_When_Save" time="0.0030000" />
    <testcase classname="Codenation.Challenge.SubmissionServiceTest" name="Codenation.Challenge.SubmissionServiceTest.Should_Add_New_Submission_When_Save" time="2.2040000" />
    <testcase classname="Codenation.Challenge.SubmissionServiceTest" name="Codenation.Challenge.SubmissionServiceTest.Should_Be_Right_Submissions_When_Find_By_Challenge_And_Acceleration(challengeId: 3, accelerationId: 3)" time="0.2040000" />
    <testcase classname="Codenation.Challenge.SubmissionServiceTest" name="Codenation.Challenge.SubmissionServiceTest.Should_Be_Right_Submissions_When_Find_By_Challenge_And_Acceleration(challengeId: 1, accelerationId: 1)" time="0.0100000" />
    <testcase classname="Codenation.Challenge.SubmissionServiceTest" name="Codenation.Challenge.SubmissionServiceTest.Should_Be_Right_Submissions_When_Find_By_Challenge_And_Acceleration(challengeId: 2, accelerationId: 2)" time="0.0070000" />
    <testcase classname="Codenation.Challenge.SubmissionServiceTest" name="Codenation.Challenge.SubmissionServiceTest.Should_Be_Higher_Score_When_Get_By_Challenge_Id(challengeId: 3)" time="0.1190000" />
    <testcase classname="Codenation.Challenge.SubmissionServiceTest" name="Codenation.Challenge.SubmissionServiceTest.Should_Be_Higher_Score_When_Get_By_Challenge_Id(challengeId: 1)" time="0.0040000" />
    <testcase classname="Codenation.Challenge.SubmissionServiceTest" name="Codenation.Challenge.SubmissionServiceTest.Should_Be_Higher_Score_When_Get_By_Challenge_Id(challengeId: 2)" time="0.0020000" />
    <testcase classname="Codenation.Challenge.SubmissionServiceTest" name="Codenation.Challenge.SubmissionServiceTest.Should_Update_The_Sumission_When_Save" time="0.0090000">
      <error message="System.InvalidOperationException : The instance of entity type 'Submission' cannot be tracked because another instance with the same key value for {'UserId', 'ChallengeId'} is already being tracked. When attaching existing entities, ensure that only one entity instance with a given key value is attached. Consider using 'DbContextOptionsBuilder.EnableSensitiveDataLogging' to see the conflicting key values.">   at Microsoft.EntityFrameworkCore.ChangeTracking.Internal.IdentityMap`1.ThrowIdentityConflict(InternalEntityEntry entry)
   at Microsoft.EntityFrameworkCore.ChangeTracking.Internal.IdentityMap`1.Add(TKey key, InternalEntityEntry entry, Boolean updateDuplicate)
   at Microsoft.EntityFrameworkCore.ChangeTracking.Internal.StateManager.StartTracking(InternalEntityEntry entry)
   at Microsoft.EntityFrameworkCore.ChangeTracking.Internal.InternalEntityEntry.SetEntityState(EntityState oldState, EntityState newState, Boolean acceptChanges)
   at Microsoft.EntityFrameworkCore.ChangeTracking.Internal.EntityGraphAttacher.PaintAction(EntityEntryGraphNode node, Boolean force)
   at Microsoft.EntityFrameworkCore.ChangeTracking.Internal.EntityEntryGraphIterator.TraverseGraph[TState](EntityEntryGraphNode node, TState state, Func`3 handleNode)
   at Microsoft.EntityFrameworkCore.DbContext.SetEntityState[TEntity](TEntity entity, EntityState entityState)
   at Codenation.Challenge.Services.SubmissionService.Save(Submission submission) in C:\Users\bzzca\Codenation\csharp-8\Source\Services\SubmissionsService.cs:line 46
   at Codenation.Challenge.SubmissionServiceTest.Should_Update_The_Sumission_When_Save() in C:\Users\bzzca\Codenation\csharp-8\Source.TestSubmission\SubmissionServiceTest.cs:line 99</error>
    </testcase>
    <testcase classname="Codenation.Challenge.UserServiceTest" name="Codenation.Challenge.UserServiceTest.Should_Be_Right_Users_When_Find_By_Accelaration_Name(accelerationName: &quot;Velvet Grass&quot;)" time="2.4030000" />
    <testcase classname="Codenation.Challenge.UserServiceTest" name="Codenation.Challenge.UserServiceTest.Should_Be_Right_Users_When_Find_By_Accelaration_Name(accelerationName: &quot;Progesterone&quot;)" time="0.0080000" />
    <testcase classname="Codenation.Challenge.UserServiceTest" name="Codenation.Challenge.UserServiceTest.Should_Be_Right_Users_When_Find_By_Company_Id(companyId: 3)" time="0.0670000">
      <error message="Assert.Equal() Failure&#xD;&#xA;Expected: List&lt;User&gt; [User { Candidates = null, CreatedAt = 2019-06-06T22:01:28.0000000, Email = &quot;owynn2@themeforest.net&quot;, FullName = &quot;Osborne Wynn&quot;, Id = 3, ... }]&#xD;&#xA;Actual:   List&lt;User&gt; [User { Candidates = null, CreatedAt = 2019-06-06T22:01:28.0000000, Email = &quot;owynn2@themeforest.net&quot;, FullName = &quot;Osborne Wynn&quot;, Id = 3, ... }, User { Candidates = null, CreatedAt = 2019-06-17T06:35:28.0000000, Email = &quot;ccapaldi0@exblog.jp&quot;, FullName = &quot;Chlo Capaldi&quot;, Id = 1, ... }, User { Candidates = null, CreatedAt = 2018-08-25T17:45:58.0000000, Email = &quot;vcowwell1@lycos.com&quot;, FullName = &quot;Vivia Cowwell&quot;, Id = 2, ... }, User { Candidates = null, CreatedAt = 2019-06-06T22:01:28.0000000, Email = &quot;owynn2@themeforest.net&quot;, FullName = &quot;Osborne Wynn&quot;, Id = 3, ... }, User { Candidates = null, CreatedAt = 2018-10-16T03:16:12.0000000, Email = &quot;msteanyng4@japanpost.jp&quot;, FullName = &quot;Mignon Steanyng&quot;, Id = 5, ... }, ...]">   at Codenation.Challenge.UserServiceTest.Should_Be_Right_Users_When_Find_By_Company_Id(Int32 companyId) in C:\Users\bzzca\Codenation\csharp-8\Source.TestSubmission\UserServiceTest.cs:line 89</error>
    </testcase>
    <testcase classname="Codenation.Challenge.UserServiceTest" name="Codenation.Challenge.UserServiceTest.Should_Be_Right_Users_When_Find_By_Company_Id(companyId: 1)" time="0.0240000">
      <error message="Assert.Equal() Failure&#xD;&#xA;Expected: List&lt;User&gt; [User { Candidates = null, CreatedAt = 2019-06-17T06:35:28.0000000, Email = &quot;ccapaldi0@exblog.jp&quot;, FullName = &quot;Chlo Capaldi&quot;, Id = 1, ... }, User { Candidates = null, CreatedAt = 2018-08-25T17:45:58.0000000, Email = &quot;vcowwell1@lycos.com&quot;, FullName = &quot;Vivia Cowwell&quot;, Id = 2, ... }]&#xD;&#xA;Actual:   List&lt;User&gt; [User { Candidates = null, CreatedAt = 2019-06-17T06:35:28.0000000, Email = &quot;ccapaldi0@exblog.jp&quot;, FullName = &quot;Chlo Capaldi&quot;, Id = 1, ... }, User { Candidates = null, CreatedAt = 2018-10-16T03:16:12.0000000, Email = &quot;msteanyng4@japanpost.jp&quot;, FullName = &quot;Mignon Steanyng&quot;, Id = 5, ... }, User { Candidates = null, CreatedAt = 2018-09-01T04:43:42.0000000, Email = &quot;rsegoe5@yale.edu&quot;, FullName = &quot;Rona Segoe&quot;, Id = 6, ... }, User { Candidates = null, CreatedAt = 2018-11-05T07:31:44.0000000, Email = &quot;nchisnell6@zimbio.com&quot;, FullName = &quot;Norbie Chisnell&quot;, Id = 7, ... }, User { Candidates = null, CreatedAt = 2019-03-20T06:44:17.0000000, Email = &quot;ptoffetto7@theguardian.com&quot;, FullName = &quot;Peg Toffetto&quot;, Id = 8, ... }, ...]">   at Codenation.Challenge.UserServiceTest.Should_Be_Right_Users_When_Find_By_Company_Id(Int32 companyId) in C:\Users\bzzca\Codenation\csharp-8\Source.TestSubmission\UserServiceTest.cs:line 89</error>
    </testcase>
    <testcase classname="Codenation.Challenge.UserServiceTest" name="Codenation.Challenge.UserServiceTest.Should_Be_Right_Users_When_Find_By_Company_Id(companyId: 2)" time="0.0100000">
      <error message="Assert.Equal() Failure&#xD;&#xA;Expected: List&lt;User&gt; [User { Candidates = null, CreatedAt = 2018-08-25T17:45:58.0000000, Email = &quot;vcowwell1@lycos.com&quot;, FullName = &quot;Vivia Cowwell&quot;, Id = 2, ... }, User { Candidates = null, CreatedAt = 2019-06-06T22:01:28.0000000, Email = &quot;owynn2@themeforest.net&quot;, FullName = &quot;Osborne Wynn&quot;, Id = 3, ... }]&#xD;&#xA;Actual:   List&lt;User&gt; [User { Candidates = null, CreatedAt = 2018-08-25T17:45:58.0000000, Email = &quot;vcowwell1@lycos.com&quot;, FullName = &quot;Vivia Cowwell&quot;, Id = 2, ... }, User { Candidates = null, CreatedAt = 2019-06-17T06:35:28.0000000, Email = &quot;ccapaldi0@exblog.jp&quot;, FullName = &quot;Chlo Capaldi&quot;, Id = 1, ... }, User { Candidates = null, CreatedAt = 2018-10-16T03:16:12.0000000, Email = &quot;msteanyng4@japanpost.jp&quot;, FullName = &quot;Mignon Steanyng&quot;, Id = 5, ... }, User { Candidates = null, CreatedAt = 2018-09-01T04:43:42.0000000, Email = &quot;rsegoe5@yale.edu&quot;, FullName = &quot;Rona Segoe&quot;, Id = 6, ... }]">   at Codenation.Challenge.UserServiceTest.Should_Be_Right_Users_When_Find_By_Company_Id(Int32 companyId) in C:\Users\bzzca\Codenation\csharp-8\Source.TestSubmission\UserServiceTest.cs:line 89</error>
    </testcase>
    <testcase classname="Codenation.Challenge.UserServiceTest" name="Codenation.Challenge.UserServiceTest.Should_Return_Right_User_When_Find_By_Id(id: 1)" time="0.0180000" />
    <testcase classname="Codenation.Challenge.UserServiceTest" name="Codenation.Challenge.UserServiceTest.Should_Return_Right_User_When_Find_By_Id(id: 3)" time="0.0020000" />
    <testcase classname="Codenation.Challenge.UserServiceTest" name="Codenation.Challenge.UserServiceTest.Should_Return_Right_User_When_Find_By_Id(id: 2)" time="0.0030000" />
    <testcase classname="Codenation.Challenge.UserServiceTest" name="Codenation.Challenge.UserServiceTest.Should_Add_New_User_When_Save" time="0.0030000" />
    <testcase classname="Codenation.Challenge.UserServiceTest" name="Codenation.Challenge.UserServiceTest.Should_Update_The_User_When_Save" time="0.0160000" />
  </testsuite>
</testsuites>